Microsoft HTML Help Compiler 4.74.8702

Compiling c:\Users\Robin\Documents\Visual Studio 2015\Projects\EloSystem\SCEloSystemGUI\SCEloHelp\SCEloHelp.chm


Compile time: 0 minutes, 1 second
1	Topic
1	Local link
0	Internet links
0	Graphics


Created c:\Users\Robin\Documents\Visual Studio 2015\Projects\EloSystem\SCEloSystemGUI\SCEloHelp\SCEloHelp.chm, 13,712 bytes
Compression increased file by 4,229 bytes.
Microsoft HTML Help Compiler 4.74.8702

Compiling c:\Users\Robin\Documents\Visual Studio 2015\Projects\EloSystem\SCEloSystemGUI\SCEloHelp\SCEloHelp.chm


Compile time: 0 minutes, 1 second
1	Topic
1	Local link
0	Internet links
0	Graphics


Created c:\Users\Robin\Documents\Visual Studio 2015\Projects\EloSystem\SCEloSystemGUI\SCEloHelp\SCEloHelp.chm, 13,736 bytes
Compression increased file by 4,149 bytes.
Microsoft HTML Help Compiler 4.74.8702

Compiling c:\Users\Robin\Documents\Visual Studio 2015\Projects\EloSystem\SCEloSystemGUI\SCEloHelp\SCEloHelp.chm


Compile time: 0 minutes, 1 second
1	Topic
1	Local link
0	Internet links
0	Graphics


Created c:\Users\Robin\Documents\Visual Studio 2015\Projects\EloSystem\SCEloSystemGUI\SCEloHelp\SCEloHelp.chm, 13,740 bytes
Compression increased file by 4,153 bytes.
Microsoft HTML Help Compiler 4.74.8702

Compiling c:\Users\Robin\Documents\Visual Studio 2015\Projects\EloSystem\SCEloSystemGUI\SCEloHelp\SCEloHelp.chm


Compile time: 0 minutes, 1 second
1	Topic
1	Local link
0	Internet links
0	Graphics


Created c:\Users\Robin\Documents\Visual Studio 2015\Projects\EloSystem\SCEloSystemGUI\SCEloHelp\SCEloHelp.chm, 13,744 bytes
Compression increased file by 4,161 bytes.
Microsoft HTML Help Compiler 4.74.8702

Compiling c:\Users\Robin\Documents\Visual Studio 2015\Projects\EloSystem\SCEloSystemGUI\SCEloHelp\SCEloHelp.chm


Compile time: 0 minutes, 1 second
1	Topic
1	Local link
0	Internet links
0	Graphics


Created c:\Users\Robin\Documents\Visual Studio 2015\Projects\EloSystem\SCEloSystemGUI\SCEloHelp\SCEloHelp.chm, 13,740 bytes
Compression increased file by 3,881 bytes.
