Microsoft HTML Help Compiler 4.74.8702

Compiling c:\Users\Robin\Documents\Visual Studio 2015\Projects\EloSystem\SCEloSystemGUI\SCEloHelp\SCEloHelp.chm


Compile time: 0 minutes, 1 second
1	Topic
1	Local link
0	Internet links
0	Graphics


Created c:\Users\Robin\Documents\Visual Studio 2015\Projects\EloSystem\SCEloSystemGUI\SCEloHelp\SCEloHelp.chm, 11,530 bytes
Compression increased file by 8,543 bytes.
Microsoft HTML Help Compiler 4.74.8702

Compiling c:\Users\Robin\Documents\Visual Studio 2015\Projects\EloSystem\SCEloSystemGUI\SCEloHelp\SCEloHelp.chm


Compile time: 0 minutes, 0 seconds
1	Topic
1	Local link
0	Internet links
0	Graphics


Created c:\Users\Robin\Documents\Visual Studio 2015\Projects\EloSystem\SCEloSystemGUI\SCEloHelp\SCEloHelp.chm, 12,920 bytes
Compression increased file by 5,830 bytes.
Microsoft HTML Help Compiler 4.74.8702

Compiling c:\Users\Robin\Documents\Visual Studio 2015\Projects\EloSystem\SCEloSystemGUI\SCEloHelp\SCEloHelp.chm


Compile time: 0 minutes, 0 seconds
1	Topic
1	Local link
0	Internet links
0	Graphics


Created c:\Users\Robin\Documents\Visual Studio 2015\Projects\EloSystem\SCEloSystemGUI\SCEloHelp\SCEloHelp.chm, 12,920 bytes
Compression increased file by 5,830 bytes.
Microsoft HTML Help Compiler 4.74.8702

Compiling c:\Users\Robin\Documents\Visual Studio 2015\Projects\EloSystem\SCEloSystemGUI\SCEloHelp\SCEloHelp.chm


Compile time: 0 minutes, 1 second
1	Topic
1	Local link
0	Internet links
0	Graphics


Created c:\Users\Robin\Documents\Visual Studio 2015\Projects\EloSystem\SCEloSystemGUI\SCEloHelp\SCEloHelp.chm, 13,548 bytes
Compression increased file by 4,372 bytes.
Microsoft HTML Help Compiler 4.74.8702

Compiling c:\Users\Robin\Documents\Visual Studio 2015\Projects\EloSystem\SCEloSystemGUI\SCEloHelp\SCEloHelp.chm


Compile time: 0 minutes, 1 second
1	Topic
1	Local link
0	Internet links
0	Graphics


Created c:\Users\Robin\Documents\Visual Studio 2015\Projects\EloSystem\SCEloSystemGUI\SCEloHelp\SCEloHelp.chm, 13,548 bytes
Compression increased file by 4,373 bytes.
